app/(dashboard)/calendar/actions.ts(481,24): error TS2552: Cannot find name 'startDate'. Did you mean 'startDateStr'?
app/(dashboard)/calendar/actions.ts(482,34): error TS2552: Cannot find name 'startDate'. Did you mean 'startDateStr'?
app/(dashboard)/calendar/actions.ts(502,30): error TS2552: Cannot find name 'startDate'. Did you mean 'startDateStr'?
